[debug] [2025-05-14T12:48:02.252Z] ----------------------------------------------------------------------
[debug] [2025-05-14T12:48:02.257Z] Command:       C:\Program Files\nodejs\node.exe C:\Users\JonathanMolina\AppData\Roaming\npm\node_modules\firebase-tools\lib\bin\firebase.js init
[debug] [2025-05-14T12:48:02.258Z] CLI Version:   14.3.1
[debug] [2025-05-14T12:48:02.258Z] Platform:      win32
[debug] [2025-05-14T12:48:02.259Z] Node Version:  v22.15.0
[debug] [2025-05-14T12:48:02.259Z] Time:          Wed May 14 2025 08:48:02 GMT-0400 (hora estándar de Chile)
[debug] [2025-05-14T12:48:02.259Z] ----------------------------------------------------------------------
[debug] 
[debug] [2025-05-14T12:48:02.270Z] > command requires scopes: ["email","openid","https://www.googleapis.com/auth/cloudplatformprojects.readonly","https://www.googleapis.com/auth/firebase","https://www.googleapis.com/auth/cloud-platform"]
[debug] [2025-05-14T12:48:02.272Z] > authorizing via signed-in user (analisisdatos87@gmail.com)
[info] 
     ######## #### ########  ######## ########     ###     ######  ########
     ##        ##  ##     ## ##       ##     ##  ##   ##  ##       ##
     ######    ##  ########  ######   ########  #########  ######  ######
     ##        ##  ##    ##  ##       ##     ## ##     ##       ## ##
     ##       #### ##     ## ######## ########  ##     ##  ######  ########

You're about to initialize a Firebase project in this directory:

  C:\Users\JonathanMolina\Downloads\MIMBRAL2025\frontend

[info] 
=== Project Setup
[info] 
[info] First, let's associate this project directory with a Firebase project.
[info] You can create multiple project aliases by running firebase use --add, 
[info] but for now we'll just set up a default project.
[info] 
[debug] [2025-05-14T12:49:41.978Z] Checked if tokens are valid: true, expires at: 1747230452997
[debug] [2025-05-14T12:49:41.978Z] Checked if tokens are valid: true, expires at: 1747230452997
[debug] [2025-05-14T12:49:41.982Z] >>> [apiv2][query] GET https://firebase.googleapis.com/v1beta1/projects pageSize=100
[debug] [2025-05-14T12:49:42.834Z] <<< [apiv2][status] GET https://firebase.googleapis.com/v1beta1/projects 200
[debug] [2025-05-14T12:49:42.834Z] <<< [apiv2][body] GET https://firebase.googleapis.com/v1beta1/projects [omitted]
[info] i  Using project analisisdedatosmimbral (analisisdedatosmimbral) 
[info] 
=== Hosting Setup
[debug] [2025-05-14T12:49:46.593Z] Checked if tokens are valid: true, expires at: 1747230452997
[debug] [2025-05-14T12:49:46.593Z] Checked if tokens are valid: true, expires at: 1747230452997
[debug] [2025-05-14T12:49:46.594Z] >>> [apiv2][query] GET https://firebase.googleapis.com/v1beta1/projects/analisisdedatosmimbral [none]
[debug] [2025-05-14T12:49:46.974Z] <<< [apiv2][status] GET https://firebase.googleapis.com/v1beta1/projects/analisisdedatosmimbral 200
[debug] [2025-05-14T12:49:46.974Z] <<< [apiv2][body] GET https://firebase.googleapis.com/v1beta1/projects/analisisdedatosmimbral {"projectId":"analisisdedatosmimbral","projectNumber":"715067549228","displayName":"analisisdedatosmimbral","name":"projects/analisisdedatosmimbral","resources":{"hostingSite":"analisisdedatosmimbral"},"state":"ACTIVE","etag":"1_32b0c363-a861-4cc0-92ca-7ca79f73b31e"}
[info] 
[info] Your public directory is the folder (relative to your project directory) that
[info] will contain Hosting assets to be uploaded with firebase deploy. If you
[info] have a build process for your assets, use your build's output directory.
[info] 
